2019-01-29 19:56:21,423 - phoenix - INFO - successfully initialized SoccerStats crawler object
2019-01-29 19:57:44,864 - phoenix - ERROR - bad country_code: pctat
2019-01-29 19:57:44,927 - phoenix - INFO - successfully created new session
2019-01-29 19:57:44,927 - phoenix - INFO - successfully initialized SoccerStats crawler object
2019-01-29 19:58:14,821 - phoenix - ERROR - bad country_code: pctat
2019-01-29 19:59:17,074 - phoenix - ERROR - bad country_code: pctat
2019-01-29 19:59:42,141 - phoenix - ERROR - bad country_code: pctat
2019-01-29 20:00:22,795 - phoenix - ERROR - bad country_code: pctat
2019-01-29 20:01:42,451 - phoenix - ERROR - bad country_code: pctat
2019-01-29 20:08:30,997 - phoenix - INFO - successfully created new session
2019-01-29 20:08:30,997 - phoenix - INFO - successfully initialized SoccerStats crawler object
2019-01-29 20:09:39,949 - phoenix - INFO - successfully created new session
2019-01-29 20:09:39,949 - phoenix - INFO - successfully initialized SoccerStats crawler object
2019-01-29 20:10:41,341 - phoenix - INFO - successfully created new session
2019-01-29 20:10:41,341 - phoenix - INFO - successfully initialized SoccerStats crawler object
2019-01-29 20:11:57,127 - phoenix - INFO - successfully created new session
2019-01-29 20:11:57,127 - phoenix - INFO - successfully initialized SoccerStats crawler object
2019-01-29 20:15:04,818 - phoenix - INFO - successfully created new session
2019-01-29 20:15:04,818 - phoenix - INFO - successfully initialized SoccerStats crawler object
2019-01-29 22:06:34,186 - phoenix - INFO - successfully created new session
2019-01-29 22:06:34,187 - phoenix - INFO - successfully initialized SoccerStats crawler object
2019-01-29 22:06:46,314 - phoenix - INFO - successfully retrieved all leagues
2019-01-29 22:08:36,330 - phoenix - INFO - successfully created new session
2019-01-29 22:08:36,331 - phoenix - INFO - successfully initialized SoccerStats crawler object
2019-01-29 22:08:37,997 - phoenix - INFO - successfully retrieved all leagues
2019-01-29 22:11:18,027 - phoenix - INFO - successfully created new session
2019-01-29 22:11:18,027 - phoenix - INFO - successfully initialized SoccerStats crawler object
2019-01-29 22:11:20,260 - phoenix - INFO - successfully retrieved all leagues
2019-01-29 22:13:15,543 - phoenix - INFO - successfully created new session
2019-01-29 22:13:15,544 - phoenix - INFO - successfully initialized SoccerStats crawler object
2019-01-29 22:13:24,611 - phoenix - INFO - successfully retrieved all leagues
2019-01-29 22:14:28,473 - phoenix - INFO - successfully created new session
2019-01-29 22:14:28,474 - phoenix - INFO - successfully initialized SoccerStats crawler object
2019-01-29 22:14:30,394 - phoenix - INFO - successfully retrieved all leagues
2019-01-29 22:16:32,473 - phoenix - INFO - successfully created new session
2019-01-29 22:16:32,474 - phoenix - INFO - successfully initialized SoccerStats crawler object
2019-01-29 22:16:34,079 - phoenix - INFO - successfully retrieved all leagues
2019-01-29 22:24:32,094 - phoenix - INFO - successfully created new session
2019-01-29 22:24:32,095 - phoenix - INFO - successfully initialized SoccerStats crawler object
2019-01-29 22:24:34,102 - phoenix - INFO - successfully retrieved all leagues
2019-01-29 22:27:03,534 - phoenix - INFO - successfully created new session
2019-01-29 22:27:03,535 - phoenix - INFO - successfully initialized SoccerStats crawler object
2019-01-29 22:27:07,270 - phoenix - INFO - successfully retrieved all leagues
2019-01-29 22:30:23,212 - phoenix - INFO - successfully created new session
2019-01-29 22:30:23,213 - phoenix - INFO - successfully initialized SoccerStats crawler object
2019-01-29 22:30:25,345 - phoenix - INFO - successfully retrieved all leagues
2019-01-29 22:31:50,556 - phoenix - INFO - successfully created new session
2019-01-29 22:31:50,557 - phoenix - INFO - successfully initialized SoccerStats crawler object
2019-01-29 22:31:53,477 - phoenix - INFO - successfully retrieved all leagues
2019-01-29 22:49:42,613 - phoenix - INFO - successfully created new session
2019-01-29 22:49:42,614 - phoenix - INFO - successfully initialized SoccerStats crawler object
2019-01-29 22:49:44,682 - phoenix - INFO - successfully retrieved all leagues
2019-01-29 23:07:33,726 - phoenix - INFO - successfully created new session
2019-01-29 23:07:33,727 - phoenix - INFO - successfully initialized SoccerStats crawler object
2019-01-29 23:07:38,276 - phoenix - INFO - successfully retrieved all leagues
2019-01-29 23:09:00,852 - phoenix - INFO - successfully created new session
2019-01-29 23:09:00,852 - phoenix - INFO - successfully initialized SoccerStats crawler object
2019-01-29 23:09:03,462 - phoenix - INFO - successfully retrieved all leagues
2019-01-29 23:11:06,401 - phoenix - INFO - successfully created new session
2019-01-29 23:11:06,402 - phoenix - INFO - successfully initialized SoccerStats crawler object
2019-01-29 23:11:28,772 - phoenix - INFO - successfully retrieved all leagues
2019-01-29 23:12:55,603 - phoenix - INFO - successfully created new session
2019-01-29 23:12:55,604 - phoenix - INFO - successfully initialized SoccerStats crawler object
2019-01-29 23:12:58,525 - phoenix - INFO - successfully retrieved all leagues
2019-01-29 23:13:54,135 - phoenix - INFO - successfully created new session
2019-01-29 23:13:54,136 - phoenix - INFO - successfully initialized SoccerStats crawler object
2019-01-29 23:14:05,539 - phoenix - INFO - successfully retrieved all leagues
2019-01-29 23:14:52,637 - phoenix - INFO - successfully created new session
2019-01-29 23:14:52,638 - phoenix - INFO - successfully initialized SoccerStats crawler object
2019-01-29 23:14:55,845 - phoenix - INFO - successfully retrieved all leagues
2019-01-29 23:15:31,368 - phoenix - INFO - successfully created new session
2019-01-29 23:15:31,369 - phoenix - INFO - successfully initialized SoccerStats crawler object
2019-01-29 23:15:33,203 - phoenix - INFO - successfully retrieved all leagues
2019-01-29 23:20:11,264 - phoenix - INFO - successfully created new session
2019-01-29 23:20:11,265 - phoenix - INFO - successfully initialized SoccerStats crawler object
2019-01-29 23:20:26,624 - phoenix - INFO - successfully retrieved all leagues
2019-01-29 23:23:18,543 - phoenix - INFO - successfully created new session
2019-01-29 23:23:18,544 - phoenix - INFO - successfully initialized SoccerStats crawler object
2019-01-29 23:23:20,862 - phoenix - INFO - successfully retrieved all leagues
2019-01-29 23:23:50,662 - phoenix - INFO - successfully retrieved all seasons and teams
2019-01-30 02:30:36,213 - phoenix - INFO - successfully created new session
2019-01-30 02:30:36,214 - phoenix - INFO - successfully initialized SoccerStats crawler object
2019-01-30 02:30:38,455 - phoenix - INFO - successfully retrieved all leagues
2019-01-30 02:31:10,654 - phoenix - INFO - successfully created new session
2019-01-30 02:31:10,654 - phoenix - INFO - successfully initialized SoccerStats crawler object
2019-01-30 02:31:19,998 - phoenix - INFO - successfully retrieved all leagues
2019-01-30 02:32:47,924 - phoenix - INFO - successfully created new session
2019-01-30 02:32:47,924 - phoenix - INFO - successfully initialized SoccerStats crawler object
2019-01-30 02:32:49,997 - phoenix - INFO - successfully retrieved all leagues
2019-01-30 02:33:12,643 - phoenix - INFO - successfully created new session
2019-01-30 02:33:12,644 - phoenix - INFO - successfully initialized SoccerStats crawler object
2019-01-30 02:33:17,547 - phoenix - INFO - successfully retrieved all leagues
2019-01-30 02:34:32,042 - phoenix - INFO - successfully created new session
2019-01-30 02:34:32,043 - phoenix - INFO - successfully initialized SoccerStats crawler object
2019-01-30 02:34:33,808 - phoenix - INFO - successfully retrieved all leagues
2019-01-30 02:40:23,528 - phoenix - INFO - successfully created new session
2019-01-30 02:40:23,529 - phoenix - INFO - successfully initialized SoccerStats crawler object
2019-01-30 02:40:26,104 - phoenix - INFO - successfully retrieved all leagues
2019-01-30 02:41:24,049 - phoenix - INFO - successfully created new session
2019-01-30 02:41:24,049 - phoenix - INFO - successfully initialized SoccerStats crawler object
2019-01-30 02:41:25,802 - phoenix - INFO - successfully retrieved all leagues
2019-01-30 02:43:43,191 - phoenix - INFO - successfully created new session
2019-01-30 02:43:43,191 - phoenix - INFO - successfully initialized SoccerStats crawler object
2019-01-30 02:43:44,934 - phoenix - INFO - successfully retrieved all leagues
2019-01-30 02:46:45,141 - phoenix - INFO - successfully created new session
2019-01-30 02:46:45,142 - phoenix - INFO - successfully initialized SoccerStats crawler object
2019-01-30 02:46:46,937 - phoenix - INFO - successfully retrieved all leagues
2019-01-30 02:53:09,643 - phoenix - INFO - successfully created new session
2019-01-30 02:53:09,644 - phoenix - INFO - successfully initialized SoccerStats crawler object
2019-01-30 02:53:11,446 - phoenix - INFO - successfully retrieved all leagues
2019-01-30 03:01:54,941 - phoenix - INFO - successfully created new session
2019-01-30 03:01:54,941 - phoenix - INFO - successfully initialized SoccerStats crawler object
2019-01-30 03:01:57,305 - phoenix - INFO - successfully retrieved all leagues
2019-01-30 03:10:09,982 - phoenix - INFO - successfully created new session
2019-01-30 03:10:09,982 - phoenix - INFO - successfully initialized SoccerStats crawler object
2019-01-30 03:10:12,831 - phoenix - INFO - successfully retrieved all leagues
2019-01-30 03:11:34,656 - phoenix - INFO - successfully created new session
2019-01-30 03:11:34,657 - phoenix - INFO - successfully initialized SoccerStats crawler object
2019-01-30 03:11:36,939 - phoenix - INFO - successfully retrieved all leagues
2019-01-30 03:12:16,429 - phoenix - INFO - successfully retrieved all seasons and teams
2019-01-30 03:17:14,180 - phoenix - INFO - successfully created new session
2019-01-30 03:17:14,181 - phoenix - INFO - successfully initialized SoccerStats crawler object
2019-01-30 03:17:15,889 - phoenix - INFO - successfully retrieved all leagues
2019-01-30 03:17:31,517 - phoenix - INFO - successfully retrieved all seasons and teams
2019-01-30 03:42:31,480 - phoenix - INFO - successfully created new session
2019-01-30 03:42:31,480 - phoenix - INFO - successfully initialized SoccerStats crawler object
2019-01-30 03:42:33,596 - phoenix - INFO - successfully retrieved all leagues
2019-01-30 03:43:13,318 - phoenix - INFO - successfully retrieved all seasons and teams
2019-01-30 04:03:11,079 - phoenix - INFO - successfully created new session
2019-01-30 04:03:11,080 - phoenix - INFO - successfully initialized SoccerStats crawler object
2019-01-30 04:03:12,670 - phoenix - INFO - successfully retrieved all leagues
2019-01-30 04:03:54,347 - phoenix - INFO - successfully created new session
2019-01-30 04:03:54,347 - phoenix - INFO - successfully initialized SoccerStats crawler object
2019-01-30 04:04:06,288 - phoenix - INFO - successfully retrieved all leagues
2019-01-30 04:07:21,478 - phoenix - INFO - successfully retrieved all seasons and teams
2019-01-30 04:10:25,675 - phoenix - INFO - successfully created new session
2019-01-30 04:10:25,676 - phoenix - INFO - successfully initialized SoccerStats crawler object
2019-01-30 04:10:27,456 - phoenix - INFO - successfully retrieved all leagues
2019-01-30 04:10:38,468 - phoenix - INFO - successfully retrieved all teams
2019-01-30 04:10:58,159 - phoenix - INFO - successfully retrieved all seasons
2019-01-30 04:10:58,168 - phoenix - INFO - successfully retrieved all seasons and teams
2019-01-30 04:21:10,818 - phoenix - INFO - successfully created new session
2019-01-30 04:21:10,819 - phoenix - INFO - successfully initialized SoccerStats crawler object
2019-01-30 04:21:12,883 - phoenix - INFO - successfully retrieved all leagues
2019-01-30 04:21:22,280 - phoenix - INFO - successfully retrieved all leagues' main pages
2019-01-30 04:21:35,287 - phoenix - INFO - successfully retrieved all seasons' main pages
2019-01-30 04:21:35,294 - phoenix - INFO - successfully retrieved all seasons and teams
2019-02-05 19:37:53,262 - phoenix - INFO - successfully created new session
2019-02-05 19:37:53,262 - phoenix - INFO - successfully initialized WhoScored crawler object
2019-02-05 19:37:54,278 - phoenix - INFO - successfully retrieved all leagues
2019-02-05 19:39:07,215 - phoenix - INFO - successfully created new session
2019-02-05 19:39:07,215 - phoenix - INFO - successfully initialized WhoScored crawler object
2019-02-05 19:39:50,798 - phoenix - INFO - successfully created new session
2019-02-05 19:39:50,798 - phoenix - INFO - successfully initialized WhoScored crawler object
2019-02-05 19:40:46,457 - phoenix - INFO - successfully created new session
2019-02-05 19:40:46,457 - phoenix - INFO - successfully initialized WhoScored crawler object
2019-02-05 19:41:19,356 - phoenix - INFO - successfully created new session
2019-02-05 19:41:19,356 - phoenix - INFO - successfully initialized WhoScored crawler object
2019-02-05 19:42:52,763 - phoenix - INFO - successfully created new session
2019-02-05 19:42:52,763 - phoenix - INFO - successfully initialized WhoScored crawler object
2019-02-05 19:46:36,440 - phoenix - INFO - successfully created new session
2019-02-05 19:46:36,455 - phoenix - INFO - successfully initialized WhoScored crawler object
2019-02-05 19:47:19,243 - phoenix - INFO - successfully created new session
2019-02-05 19:47:19,243 - phoenix - INFO - successfully initialized WhoScored crawler object
2019-02-05 19:47:30,568 - phoenix - INFO - successfully created new session
2019-02-05 19:47:30,568 - phoenix - INFO - successfully initialized WhoScored crawler object
2019-02-05 19:49:11,704 - phoenix - INFO - successfully created new session
2019-02-05 19:49:11,704 - phoenix - INFO - successfully initialized WhoScored crawler object
2019-02-05 19:49:25,045 - phoenix - INFO - successfully created new session
2019-02-05 19:49:25,045 - phoenix - INFO - successfully initialized WhoScored crawler object
2019-02-05 19:49:37,214 - phoenix - INFO - successfully created new session
2019-02-05 19:49:37,214 - phoenix - INFO - successfully initialized WhoScored crawler object
2019-02-05 19:50:09,019 - phoenix - INFO - successfully created new session
2019-02-05 19:50:09,019 - phoenix - INFO - successfully initialized WhoScored crawler object
2019-02-05 19:50:46,135 - phoenix - INFO - successfully created new session
2019-02-05 19:50:46,135 - phoenix - INFO - successfully initialized WhoScored crawler object
2019-02-05 19:51:37,030 - phoenix - INFO - successfully created new session
2019-02-05 19:51:37,030 - phoenix - INFO - successfully initialized WhoScored crawler object
2019-02-05 19:52:00,587 - phoenix - INFO - successfully created new session
2019-02-05 19:52:00,587 - phoenix - INFO - successfully initialized WhoScored crawler object
2019-02-05 19:52:19,332 - phoenix - INFO - successfully created new session
2019-02-05 19:52:19,332 - phoenix - INFO - successfully initialized WhoScored crawler object
2019-02-05 19:53:49,794 - phoenix - INFO - successfully created new session
2019-02-05 19:53:49,794 - phoenix - INFO - successfully initialized WhoScored crawler object
2019-02-05 19:54:13,168 - phoenix - INFO - successfully created new session
2019-02-05 19:54:13,168 - phoenix - INFO - successfully initialized WhoScored crawler object
2019-02-05 19:54:50,206 - phoenix - INFO - successfully created new session
2019-02-05 19:54:50,206 - phoenix - INFO - successfully initialized WhoScored crawler object
2019-02-05 19:55:06,484 - phoenix - INFO - successfully created new session
2019-02-05 19:55:06,484 - phoenix - INFO - successfully initialized WhoScored crawler object
2019-02-05 19:55:23,918 - phoenix - INFO - successfully created new session
2019-02-05 19:55:23,918 - phoenix - INFO - successfully initialized WhoScored crawler object
2019-02-05 19:55:36,071 - phoenix - INFO - successfully created new session
2019-02-05 19:55:36,071 - phoenix - INFO - successfully initialized WhoScored crawler object
2019-02-05 19:55:53,567 - phoenix - INFO - successfully created new session
2019-02-05 19:55:53,567 - phoenix - INFO - successfully initialized WhoScored crawler object
2019-02-05 19:56:19,842 - phoenix - INFO - successfully created new session
2019-02-05 19:56:19,842 - phoenix - INFO - successfully initialized WhoScored crawler object
2019-02-05 19:57:07,112 - phoenix - INFO - successfully created new session
2019-02-05 19:57:07,112 - phoenix - INFO - successfully initialized WhoScored crawler object
2019-02-05 19:57:24,373 - phoenix - INFO - successfully created new session
2019-02-05 19:57:24,373 - phoenix - INFO - successfully initialized WhoScored crawler object
2019-02-05 19:57:53,145 - phoenix - INFO - successfully created new session
2019-02-05 19:57:53,145 - phoenix - INFO - successfully initialized WhoScored crawler object
2019-02-05 19:58:56,869 - phoenix - INFO - successfully created new session
2019-02-05 19:58:56,869 - phoenix - INFO - successfully initialized WhoScored crawler object
2019-02-05 19:59:06,367 - phoenix - INFO - successfully created new session
2019-02-05 19:59:06,367 - phoenix - INFO - successfully initialized WhoScored crawler object
2019-02-05 19:59:45,514 - phoenix - INFO - successfully created new session
2019-02-05 19:59:45,514 - phoenix - INFO - successfully initialized WhoScored crawler object
2019-02-05 20:00:03,072 - phoenix - INFO - successfully created new session
2019-02-05 20:00:03,072 - phoenix - INFO - successfully initialized WhoScored crawler object
2019-02-05 20:01:29,355 - phoenix - INFO - successfully created new session
2019-02-05 20:01:29,355 - phoenix - INFO - successfully initialized WhoScored crawler object
2019-02-05 20:01:46,663 - phoenix - INFO - successfully created new session
2019-02-05 20:01:46,663 - phoenix - INFO - successfully initialized WhoScored crawler object
2019-02-05 20:04:07,940 - phoenix - INFO - successfully created new session
2019-02-05 20:04:07,956 - phoenix - INFO - successfully initialized WhoScored crawler object
2019-02-05 20:04:25,952 - phoenix - INFO - successfully created new session
2019-02-05 20:04:25,952 - phoenix - INFO - successfully initialized WhoScored crawler object
2019-02-05 20:04:40,183 - phoenix - INFO - successfully created new session
2019-02-05 20:04:40,183 - phoenix - INFO - successfully initialized WhoScored crawler object
2019-02-05 20:04:56,538 - phoenix - INFO - successfully created new session
2019-02-05 20:04:56,538 - phoenix - INFO - successfully initialized WhoScored crawler object
2019-02-05 20:05:44,996 - phoenix - INFO - successfully created new session
2019-02-05 20:05:44,996 - phoenix - INFO - successfully initialized WhoScored crawler object
2019-02-05 20:05:56,431 - phoenix - INFO - successfully created new session
2019-02-05 20:05:56,431 - phoenix - INFO - successfully initialized WhoScored crawler object
2019-02-05 20:07:17,787 - phoenix - INFO - successfully created new session
2019-02-05 20:07:17,787 - phoenix - INFO - successfully initialized WhoScored crawler object
2019-02-05 20:07:48,624 - phoenix - INFO - successfully created new session
2019-02-05 20:07:48,624 - phoenix - INFO - successfully initialized WhoScored crawler object
2019-02-05 20:09:58,988 - phoenix - INFO - successfully created new session
2019-02-05 20:09:58,988 - phoenix - INFO - successfully initialized WhoScored crawler object
2019-02-05 20:10:42,227 - phoenix - INFO - successfully created new session
2019-02-05 20:10:42,227 - phoenix - INFO - successfully initialized WhoScored crawler object
2019-02-05 20:12:43,074 - phoenix - INFO - successfully created new session
2019-02-05 20:12:43,074 - phoenix - INFO - successfully initialized WhoScored crawler object
2019-02-05 20:13:53,565 - phoenix - INFO - successfully created new session
2019-02-05 20:13:53,565 - phoenix - INFO - successfully initialized WhoScored crawler object
2019-02-05 20:14:55,543 - phoenix - INFO - successfully created new session
2019-02-05 20:14:55,543 - phoenix - INFO - successfully initialized WhoScored crawler object
2019-02-05 20:15:15,538 - phoenix - INFO - successfully created new session
2019-02-05 20:15:15,538 - phoenix - INFO - successfully initialized WhoScored crawler object
2019-02-05 20:17:09,418 - phoenix - INFO - successfully created new session
2019-02-05 20:17:09,418 - phoenix - INFO - successfully initialized WhoScored crawler object
2019-02-05 20:17:32,835 - phoenix - INFO - successfully created new session
2019-02-05 20:17:32,835 - phoenix - INFO - successfully initialized WhoScored crawler object
2019-02-05 20:18:08,518 - phoenix - INFO - successfully created new session
2019-02-05 20:18:08,518 - phoenix - INFO - successfully initialized WhoScored crawler object
2019-02-05 20:18:32,825 - phoenix - INFO - successfully created new session
2019-02-05 20:18:32,825 - phoenix - INFO - successfully initialized WhoScored crawler object
2019-02-05 20:18:59,120 - phoenix - INFO - successfully created new session
2019-02-05 20:18:59,120 - phoenix - INFO - successfully initialized WhoScored crawler object
2019-02-05 20:19:23,864 - phoenix - INFO - successfully created new session
2019-02-05 20:19:23,864 - phoenix - INFO - successfully initialized WhoScored crawler object
2019-02-05 20:19:47,281 - phoenix - INFO - successfully created new session
2019-02-05 20:19:47,281 - phoenix - INFO - successfully initialized WhoScored crawler object
2019-02-05 20:20:01,902 - phoenix - INFO - successfully created new session
2019-02-05 20:20:01,902 - phoenix - INFO - successfully initialized WhoScored crawler object
2019-02-05 20:21:49,471 - phoenix - INFO - successfully created new session
2019-02-05 20:21:49,471 - phoenix - INFO - successfully initialized WhoScored crawler object
2019-02-05 20:22:12,622 - phoenix - INFO - successfully created new session
2019-02-05 20:22:12,622 - phoenix - INFO - successfully initialized WhoScored crawler object
2019-02-05 20:22:28,946 - phoenix - INFO - successfully created new session
2019-02-05 20:22:28,946 - phoenix - INFO - successfully initialized WhoScored crawler object
2019-02-05 20:23:50,055 - phoenix - INFO - successfully created new session
2019-02-05 20:23:50,055 - phoenix - INFO - successfully initialized WhoScored crawler object
2019-02-05 20:24:07,730 - phoenix - INFO - successfully created new session
2019-02-05 20:24:07,730 - phoenix - INFO - successfully initialized WhoScored crawler object
2019-02-05 20:24:37,957 - phoenix - INFO - successfully created new session
2019-02-05 20:24:37,957 - phoenix - INFO - successfully initialized WhoScored crawler object
2019-02-05 20:24:48,642 - phoenix - INFO - successfully created new session
2019-02-05 20:24:48,642 - phoenix - INFO - successfully initialized WhoScored crawler object
2019-02-05 20:25:06,325 - phoenix - INFO - successfully created new session
2019-02-05 20:25:06,325 - phoenix - INFO - successfully initialized WhoScored crawler object
2019-02-05 20:26:19,059 - phoenix - INFO - successfully created new session
2019-02-05 20:26:19,059 - phoenix - INFO - successfully initialized WhoScored crawler object
2019-02-05 20:27:21,307 - phoenix - INFO - successfully created new session
2019-02-05 20:27:21,307 - phoenix - INFO - successfully initialized WhoScored crawler object
2019-02-05 20:27:49,083 - phoenix - INFO - successfully created new session
2019-02-05 20:27:49,083 - phoenix - INFO - successfully initialized WhoScored crawler object
2019-02-05 20:29:17,814 - phoenix - INFO - successfully created new session
2019-02-05 20:29:17,814 - phoenix - INFO - successfully initialized WhoScored crawler object
2019-02-05 20:37:23,399 - phoenix - INFO - successfully created new session
2019-02-05 20:37:23,399 - phoenix - INFO - successfully initialized WhoScored crawler object
2019-02-05 20:39:38,591 - phoenix - INFO - successfully created new session
2019-02-05 20:39:38,591 - phoenix - INFO - successfully initialized WhoScored crawler object
2019-02-05 20:40:08,881 - phoenix - INFO - successfully created new session
2019-02-05 20:40:08,881 - phoenix - INFO - successfully initialized WhoScored crawler object
2019-02-05 20:41:17,520 - phoenix - INFO - successfully created new session
2019-02-05 20:41:17,536 - phoenix - INFO - successfully initialized WhoScored crawler object
2019-02-05 20:43:56,887 - phoenix - INFO - successfully created new session
2019-02-05 20:43:56,902 - phoenix - INFO - successfully initialized WhoScored crawler object
2019-02-05 20:44:19,415 - phoenix - INFO - successfully created new session
2019-02-05 20:44:19,415 - phoenix - INFO - successfully initialized WhoScored crawler object
2019-02-05 21:30:49,786 - phoenix - INFO - successfully created new session
2019-02-05 21:30:49,786 - phoenix - INFO - successfully initialized WhoScored crawler object
2019-02-05 21:31:19,811 - phoenix - INFO - successfully created new session
2019-02-05 21:31:19,826 - phoenix - INFO - successfully initialized WhoScored crawler object
2019-02-05 21:35:23,752 - phoenix - INFO - successfully created new session
2019-02-05 21:35:23,752 - phoenix - INFO - successfully initialized WhoScored crawler object
2019-02-05 21:37:00,823 - phoenix - INFO - successfully created new session
2019-02-05 21:37:00,823 - phoenix - INFO - successfully initialized WhoScored crawler object
2019-02-05 21:37:39,908 - phoenix - INFO - successfully created new session
2019-02-05 21:37:39,908 - phoenix - INFO - successfully initialized WhoScored crawler object
2019-02-05 21:39:14,270 - phoenix - INFO - successfully created new session
2019-02-05 21:39:14,270 - phoenix - INFO - successfully initialized WhoScored crawler object
2019-02-05 21:41:51,686 - phoenix - INFO - successfully created new session
2019-02-05 21:41:51,686 - phoenix - INFO - successfully initialized WhoScored crawler object
2019-02-05 21:42:38,941 - phoenix - INFO - successfully created new session
2019-02-05 21:42:38,941 - phoenix - INFO - successfully initialized WhoScored crawler object
2019-02-05 21:43:11,268 - phoenix - INFO - successfully created new session
2019-02-05 21:43:11,268 - phoenix - INFO - successfully initialized WhoScored crawler object
2019-02-05 21:44:27,488 - phoenix - INFO - successfully created new session
2019-02-05 21:44:27,488 - phoenix - INFO - successfully initialized WhoScored crawler object
2019-02-05 21:45:11,181 - phoenix - INFO - successfully created new session
2019-02-05 21:45:11,181 - phoenix - INFO - successfully initialized WhoScored crawler object
2019-02-05 21:45:50,641 - phoenix - INFO - successfully created new session
2019-02-05 21:45:50,641 - phoenix - INFO - successfully initialized WhoScored crawler object
2019-02-05 21:49:09,131 - phoenix - INFO - successfully created new session
2019-02-05 21:49:09,131 - phoenix - INFO - successfully initialized WhoScored crawler object
2019-02-05 21:49:54,308 - phoenix - INFO - successfully created new session
2019-02-05 21:49:54,308 - phoenix - INFO - successfully initialized WhoScored crawler object
2019-02-05 21:51:08,790 - phoenix - INFO - successfully created new session
2019-02-05 21:51:08,806 - phoenix - INFO - successfully initialized WhoScored crawler object
2019-02-05 21:55:34,816 - phoenix - INFO - successfully created new session
2019-02-05 21:55:34,816 - phoenix - INFO - successfully initialized WhoScored crawler object
2019-02-05 22:02:27,809 - phoenix - INFO - successfully created new session
2019-02-05 22:02:27,809 - phoenix - INFO - successfully initialized WhoScored crawler object
2019-02-05 22:02:39,525 - phoenix - INFO - successfully created new session
2019-02-05 22:02:39,525 - phoenix - INFO - successfully initialized WhoScored crawler object
2019-02-05 22:09:33,549 - phoenix - INFO - successfully created new session
2019-02-05 22:09:33,549 - phoenix - INFO - successfully initialized WhoScored crawler object
2019-02-05 22:10:51,687 - phoenix - INFO - successfully created new session
2019-02-05 22:10:51,687 - phoenix - INFO - successfully initialized WhoScored crawler object
2019-02-05 22:14:23,820 - phoenix - INFO - successfully created new session
2019-02-05 22:14:23,820 - phoenix - INFO - successfully initialized WhoScored crawler object
2019-02-05 22:14:40,644 - phoenix - INFO - successfully created new session
2019-02-05 22:14:40,644 - phoenix - INFO - successfully initialized WhoScored crawler object
2019-02-05 22:15:35,975 - phoenix - INFO - successfully created new session
2019-02-05 22:15:35,975 - phoenix - INFO - successfully initialized WhoScored crawler object
2019-02-05 22:16:09,061 - phoenix - INFO - successfully created new session
2019-02-05 22:16:09,061 - phoenix - INFO - successfully initialized WhoScored crawler object
2019-02-05 22:16:43,928 - phoenix - INFO - successfully created new session
2019-02-05 22:16:43,928 - phoenix - INFO - successfully initialized WhoScored crawler object
2019-02-05 22:17:22,185 - phoenix - INFO - successfully created new session
2019-02-05 22:17:22,200 - phoenix - INFO - successfully initialized WhoScored crawler object
2019-02-05 22:23:10,192 - phoenix - INFO - successfully created new session
2019-02-05 22:23:10,192 - phoenix - INFO - successfully initialized WhoScored crawler object
2019-02-05 22:24:49,173 - phoenix - INFO - successfully created new session
2019-02-05 22:24:49,173 - phoenix - INFO - successfully initialized WhoScored crawler object
2019-02-05 22:25:49,190 - phoenix - INFO - successfully created new session
2019-02-05 22:25:49,190 - phoenix - INFO - successfully initialized WhoScored crawler object
2019-02-05 22:28:46,447 - phoenix - INFO - successfully created new session
2019-02-05 22:28:46,463 - phoenix - INFO - successfully initialized WhoScored crawler object
2019-02-05 22:30:31,834 - phoenix - INFO - successfully created new session
2019-02-05 22:30:31,834 - phoenix - INFO - successfully initialized WhoScored crawler object
2019-02-06 00:30:58,273 - phoenix - INFO - successfully created new session
2019-02-06 00:30:58,274 - phoenix - INFO - successfully initialized WhoScored crawler object
2019-02-06 00:30:59,254 - phoenix - INFO - successfully retrieved all leagues
2019-02-06 02:48:02,552 - phoenix - INFO - successfully created new session
2019-02-06 02:48:02,552 - phoenix - INFO - successfully initialized WhoScored crawler object
2019-02-06 02:59:06,130 - phoenix - INFO - successfully created new session
2019-02-06 02:59:06,130 - phoenix - INFO - successfully initialized WhoScored crawler object
2019-02-06 02:59:11,689 - phoenix - INFO - successfully retrieved all leagues
2019-02-06 04:05:38,508 - phoenix - INFO - successfully created new session
2019-02-06 04:05:38,508 - phoenix - INFO - successfully initialized WhoScored crawler object
2019-02-06 04:05:39,367 - phoenix - INFO - successfully retrieved all leagues
2019-02-06 04:05:39,523 - phoenix - ERROR - failed to retrieve all leagues' main pages
2019-02-06 04:05:39,539 - phoenix - ERROR - unhashable type: 'dict'
2019-02-06 04:05:59,124 - phoenix - INFO - successfully created new session
2019-02-06 04:05:59,124 - phoenix - INFO - successfully initialized WhoScored crawler object
2019-02-06 04:06:00,296 - phoenix - INFO - successfully retrieved all leagues
2019-02-06 04:06:00,420 - phoenix - ERROR - failed to retrieve all leagues' main pages
2019-02-06 04:06:00,420 - phoenix - ERROR - unhashable type: 'dict'
2019-02-06 04:06:17,274 - phoenix - INFO - successfully created new session
2019-02-06 04:06:17,289 - phoenix - INFO - successfully initialized WhoScored crawler object
2019-02-06 04:06:18,212 - phoenix - INFO - successfully retrieved all leagues
2019-02-06 04:06:24,210 - phoenix - ERROR - failed to retrieve all leagues' main pages
2019-02-06 04:06:24,210 - phoenix - ERROR - unhashable type: 'dict'
2019-02-06 04:07:06,534 - phoenix - INFO - successfully created new session
2019-02-06 04:07:06,534 - phoenix - INFO - successfully initialized WhoScored crawler object
2019-02-06 04:07:07,409 - phoenix - INFO - successfully retrieved all leagues
2019-02-06 04:08:08,522 - phoenix - ERROR - failed to retrieve all leagues' main pages
2019-02-06 04:08:08,522 - phoenix - ERROR - unhashable type: 'dict'
2019-02-06 04:14:34,707 - phoenix - INFO - successfully created new session
2019-02-06 04:14:34,707 - phoenix - INFO - successfully initialized WhoScored crawler object
2019-02-06 04:14:36,082 - phoenix - INFO - successfully retrieved all leagues
2019-02-06 16:29:12,835 - phoenix - INFO - successfully created new session
2019-02-06 16:29:12,835 - phoenix - INFO - successfully initialized WhoScored crawler object
2019-02-06 16:29:16,163 - phoenix - INFO - successfully retrieved all leagues
2019-02-06 16:32:33,492 - phoenix - INFO - successfully created new session
2019-02-06 16:32:33,492 - phoenix - INFO - successfully initialized WhoScored crawler object
2019-02-06 16:32:35,304 - phoenix - INFO - successfully retrieved all leagues
2019-02-06 16:32:40,412 - phoenix - ERROR - failed to retrieve all leagues' main pages
2019-02-06 16:32:40,412 - phoenix - ERROR - list assignment index out of range
2019-02-06 16:35:36,288 - phoenix - INFO - successfully created new session
2019-02-06 16:35:36,288 - phoenix - INFO - successfully initialized WhoScored crawler object
2019-02-06 16:35:37,898 - phoenix - INFO - successfully retrieved all leagues
2019-02-06 16:36:41,695 - phoenix - ERROR - failed to retrieve all leagues' main pages
2019-02-06 16:36:41,695 - phoenix - ERROR - 'https://www.whoscored.com/Regions/31/Tournaments/95/Brazil-Brasileir%C3%A3o' is not in list
2019-02-06 16:37:12,453 - phoenix - INFO - successfully created new session
2019-02-06 16:37:12,453 - phoenix - INFO - successfully initialized WhoScored crawler object
2019-02-06 16:37:13,453 - phoenix - INFO - successfully retrieved all leagues
2019-02-06 16:42:30,451 - phoenix - INFO - successfully created new session
2019-02-06 16:42:30,451 - phoenix - INFO - successfully initialized WhoScored crawler object
2019-02-06 16:42:31,295 - phoenix - INFO - successfully retrieved all leagues
2019-02-06 16:44:16,054 - phoenix - INFO - successfully created new session
2019-02-06 16:44:16,054 - phoenix - INFO - successfully initialized WhoScored crawler object
2019-02-06 16:44:17,413 - phoenix - INFO - successfully retrieved all leagues
2019-02-06 16:44:41,485 - phoenix - ERROR - failed to retrieve all leagues' main pages
2019-02-06 16:44:41,485 - phoenix - ERROR - HTTPSConnectionPool(host='www.whoscored.com', port=443): Max retries exceeded with url: /Regions/22/Tournaments/15/Belgium-Cup (Caused by ProxyError('Cannot connect to proxy.', NewConnectionError('<urllib3.connection.VerifiedHTTPSConnection object at 0x000001CC58270BA8>: Failed to establish a new connection: [WinError 10060] A connection attempt failed because the connected party did not properly respond after a period of time, or established connection failed because connected host has failed to respond')))
2019-02-06 16:44:49,749 - phoenix - INFO - successfully created new session
2019-02-06 16:44:49,749 - phoenix - INFO - successfully initialized WhoScored crawler object
2019-02-06 16:44:50,655 - phoenix - INFO - successfully retrieved all leagues
2019-02-06 16:54:33,886 - phoenix - INFO - successfully created new session
2019-02-06 16:54:33,886 - phoenix - INFO - successfully initialized WhoScored crawler object
2019-02-06 16:54:34,729 - phoenix - INFO - successfully retrieved all leagues
2019-02-06 16:55:23,890 - phoenix - INFO - successfully created new session
2019-02-06 16:55:23,905 - phoenix - INFO - successfully initialized WhoScored crawler object
2019-02-06 16:55:33,357 - phoenix - INFO - successfully retrieved all leagues
2019-02-06 16:55:33,872 - phoenix - ERROR - failed to retrieve all leagues' main pages
2019-02-06 16:55:33,872 - phoenix - ERROR - HTTPSConnectionPool(host='www.whoscored.com', port=443): Max retries exceeded with url: /Regions/15/Tournaments/93/Austria-T-Mobile-Super-Cup (Caused by ProxyError('Cannot connect to proxy.', ConnectionResetError(10054, 'An existing connection was forcibly closed by the remote host', None, 10054, None)))
2019-02-06 16:55:39,027 - phoenix - INFO - successfully created new session
2019-02-06 16:55:39,027 - phoenix - INFO - successfully initialized WhoScored crawler object
2019-02-06 16:55:52,336 - phoenix - INFO - successfully retrieved all leagues
2019-02-06 17:01:21,492 - phoenix - INFO - successfully created new session
2019-02-06 17:01:21,492 - phoenix - INFO - successfully initialized WhoScored crawler object
2019-02-06 17:01:23,256 - phoenix - INFO - successfully retrieved all leagues
2019-02-06 17:07:36,144 - phoenix - INFO - successfully created new session
2019-02-06 17:07:36,144 - phoenix - INFO - successfully initialized WhoScored crawler object
2019-02-06 17:07:37,987 - phoenix - INFO - successfully retrieved all leagues
2019-02-06 17:09:25,061 - phoenix - INFO - successfully created new session
2019-02-06 17:09:25,061 - phoenix - INFO - successfully initialized WhoScored crawler object
2019-02-06 17:09:26,749 - phoenix - INFO - successfully retrieved all leagues
2019-02-06 17:19:11,643 - phoenix - INFO - successfully created new session
2019-02-06 17:19:11,643 - phoenix - INFO - successfully initialized WhoScored crawler object
2019-02-06 17:19:13,065 - phoenix - INFO - successfully retrieved all leagues
2019-02-06 17:19:38,278 - phoenix - INFO - successfully created new session
2019-02-06 17:19:38,278 - phoenix - INFO - successfully initialized WhoScored crawler object
2019-02-06 17:19:39,340 - phoenix - INFO - successfully retrieved all leagues
2019-02-06 17:20:27,860 - phoenix - INFO - successfully retrieved all leagues' main pages
2019-02-06 17:49:45,490 - phoenix - INFO - successfully created new session
2019-02-06 17:49:45,490 - phoenix - INFO - successfully initialized WhoScored crawler object
2019-02-06 17:49:46,333 - phoenix - INFO - successfully retrieved all leagues
2019-02-06 17:49:50,270 - phoenix - INFO - successfully retrieved all leagues' main pages
2019-02-06 17:52:13,678 - phoenix - INFO - successfully created new session
2019-02-06 17:52:13,678 - phoenix - INFO - successfully initialized WhoScored crawler object
2019-02-06 17:52:23,519 - phoenix - INFO - successfully retrieved all leagues
2019-02-06 17:52:27,143 - phoenix - INFO - successfully retrieved all leagues' main pages
2019-02-06 17:53:06,957 - phoenix - INFO - successfully created new session
2019-02-06 17:53:06,957 - phoenix - INFO - successfully initialized WhoScored crawler object
2019-02-06 17:53:10,143 - phoenix - INFO - successfully retrieved all leagues
2019-02-06 17:53:39,403 - phoenix - ERROR - failed to retrieve all leagues' main pages
2019-02-06 17:53:39,403 - phoenix - ERROR - HTTPSConnectionPool(host='www.whoscored.com', port=443): Max retries exceeded with url: /Regions/22/Tournaments/459/Belgium-3-Division (Caused by ProxyError('Cannot connect to proxy.', NewConnectionError('<urllib3.connection.VerifiedHTTPSConnection object at 0x000001B15E353080>: Failed to establish a new connection: [WinError 10060] A connection attempt failed because the connected party did not properly respond after a period of time, or established connection failed because connected host has failed to respond')))
2019-02-06 17:54:54,818 - phoenix - INFO - successfully created new session
2019-02-06 17:54:54,818 - phoenix - INFO - successfully initialized WhoScored crawler object
2019-02-06 17:54:55,701 - phoenix - INFO - successfully retrieved all leagues
2019-02-06 17:54:59,590 - phoenix - INFO - successfully retrieved all leagues' main pages
2019-02-06 18:16:14,223 - phoenix - INFO - successfully created new session
2019-02-06 18:16:14,223 - phoenix - INFO - successfully initialized WhoScored crawler object
2019-02-06 18:16:15,488 - phoenix - INFO - successfully retrieved all leagues
2019-02-06 18:16:45,241 - phoenix - INFO - successfully retrieved all leagues' main pages
2019-02-06 18:25:36,000 - phoenix - INFO - successfully created new session
2019-02-06 18:25:36,000 - phoenix - INFO - successfully initialized WhoScored crawler object
2019-02-06 18:25:37,156 - phoenix - INFO - successfully retrieved all leagues
2019-02-06 18:25:39,671 - phoenix - INFO - successfully retrieved all leagues' main pages
2019-02-06 18:26:20,364 - phoenix - INFO - successfully created new session
2019-02-06 18:26:20,364 - phoenix - INFO - successfully initialized WhoScored crawler object
2019-02-06 18:26:22,145 - phoenix - INFO - successfully retrieved all leagues
2019-02-06 18:26:27,847 - phoenix - INFO - successfully retrieved all leagues' main pages
2019-02-06 21:58:21,101 - phoenix - INFO - successfully created new session
2019-02-06 21:58:21,102 - phoenix - INFO - successfully initialized WhoScored crawler object
2019-02-06 21:58:22,492 - phoenix - INFO - successfully retrieved all leagues
2019-02-06 21:58:26,601 - phoenix - INFO - successfully retrieved all leagues' main pages
2019-02-06 21:58:27,085 - phoenix - ERROR - failed to retrieve all seasons' main pages
2019-02-06 21:58:27,085 - phoenix - ERROR - 'dict' object has no attribute 'encode'
2019-02-06 21:59:01,111 - phoenix - INFO - successfully created new session
2019-02-06 21:59:01,111 - phoenix - INFO - successfully initialized WhoScored crawler object
2019-02-06 21:59:02,595 - phoenix - INFO - successfully retrieved all leagues
2019-02-06 21:59:06,250 - phoenix - INFO - successfully retrieved all leagues' main pages
2019-02-06 22:00:55,768 - phoenix - INFO - successfully created new session
2019-02-06 22:00:55,768 - phoenix - INFO - successfully initialized WhoScored crawler object
2019-02-06 22:00:58,908 - phoenix - INFO - successfully retrieved all leagues
2019-02-06 22:01:04,517 - phoenix - INFO - successfully retrieved all leagues' main pages
2019-02-06 22:03:41,707 - phoenix - INFO - successfully created new session
2019-02-06 22:03:41,707 - phoenix - INFO - successfully initialized WhoScored crawler object
2019-02-06 22:04:06,947 - phoenix - INFO - successfully created new session
2019-02-06 22:04:06,947 - phoenix - INFO - successfully initialized WhoScored crawler object
2019-02-06 22:04:08,056 - phoenix - INFO - successfully retrieved all leagues
2019-02-06 22:04:10,072 - phoenix - INFO - successfully retrieved all leagues' main pages
2019-02-06 22:04:11,852 - phoenix - INFO - successfully retrieved all seasons' main pages
2019-02-06 22:16:09,823 - phoenix - INFO - successfully created new session
2019-02-06 22:16:09,823 - phoenix - INFO - successfully initialized WhoScored crawler object
2019-02-06 22:16:11,291 - phoenix - INFO - successfully retrieved all leagues
2019-02-06 22:16:14,822 - phoenix - INFO - successfully retrieved all leagues' main pages
2019-02-06 22:19:10,936 - phoenix - INFO - successfully created new session
2019-02-06 22:19:10,936 - phoenix - INFO - successfully initialized WhoScored crawler object
2019-02-06 22:19:11,733 - phoenix - INFO - successfully retrieved all leagues
2019-02-06 22:19:18,950 - phoenix - INFO - successfully retrieved all leagues' main pages
2019-02-06 22:39:52,392 - phoenix - INFO - successfully created new session
2019-02-06 22:39:52,392 - phoenix - INFO - successfully initialized WhoScored crawler object
2019-02-06 22:39:54,438 - phoenix - INFO - successfully retrieved all leagues
2019-02-06 22:40:01,374 - phoenix - INFO - successfully retrieved all leagues' main pages
2019-02-06 22:59:01,498 - phoenix - INFO - successfully created new session
2019-02-06 22:59:01,498 - phoenix - INFO - successfully initialized WhoScored crawler object
2019-02-06 22:59:12,761 - phoenix - INFO - successfully retrieved all leagues
2019-02-06 22:59:15,276 - phoenix - INFO - successfully retrieved all leagues' main pages
2019-02-06 23:00:22,411 - phoenix - INFO - successfully created new session
2019-02-06 23:00:22,411 - phoenix - INFO - successfully initialized WhoScored crawler object
2019-02-06 23:00:24,098 - phoenix - INFO - successfully retrieved all leagues
2019-02-06 23:00:30,347 - phoenix - INFO - successfully retrieved all leagues' main pages
2019-02-06 23:03:40,213 - phoenix - INFO - successfully created new session
2019-02-06 23:03:40,213 - phoenix - INFO - successfully initialized WhoScored crawler object
2019-02-06 23:03:41,479 - phoenix - INFO - successfully retrieved all leagues
2019-02-06 23:03:45,017 - phoenix - INFO - successfully retrieved all leagues' main pages
2019-02-06 23:04:18,839 - phoenix - INFO - successfully created new session
2019-02-06 23:04:18,839 - phoenix - INFO - successfully initialized WhoScored crawler object
2019-02-06 23:04:20,339 - phoenix - INFO - successfully retrieved all leagues
2019-02-06 23:04:22,504 - phoenix - INFO - successfully retrieved all leagues' main pages
2019-02-06 23:06:14,011 - phoenix - INFO - successfully created new session
2019-02-06 23:06:14,011 - phoenix - INFO - successfully initialized WhoScored crawler object
2019-02-06 23:06:15,635 - phoenix - INFO - successfully retrieved all leagues
2019-02-06 23:06:17,885 - phoenix - INFO - successfully retrieved all leagues' main pages
2019-02-07 04:24:10,801 - phoenix - INFO - successfully created new session
2019-02-07 04:24:10,801 - phoenix - INFO - successfully initialized WhoScored crawler object
2019-02-07 04:24:11,879 - phoenix - INFO - successfully retrieved all leagues
2019-02-07 04:24:15,988 - phoenix - INFO - successfully retrieved all leagues' main pages
2019-02-07 04:24:50,415 - phoenix - INFO - successfully created new session
2019-02-07 04:24:50,415 - phoenix - INFO - successfully initialized WhoScored crawler object
2019-02-07 04:24:52,633 - phoenix - INFO - successfully retrieved all leagues
2019-02-07 04:25:02,897 - phoenix - INFO - successfully retrieved all leagues' main pages
2019-02-07 04:32:46,481 - phoenix - INFO - successfully created new session
2019-02-07 04:32:46,481 - phoenix - INFO - successfully initialized WhoScored crawler object
2019-02-07 04:32:48,435 - phoenix - INFO - successfully retrieved all leagues
2019-02-07 04:32:51,152 - phoenix - INFO - successfully retrieved all leagues' main pages
2019-02-07 04:43:56,554 - phoenix - INFO - successfully created new session
2019-02-07 04:43:56,554 - phoenix - INFO - successfully initialized WhoScored crawler object
2019-02-07 04:43:58,538 - phoenix - INFO - successfully retrieved all leagues
2019-02-07 04:44:02,225 - phoenix - INFO - successfully retrieved all leagues' main pages
2019-02-07 04:51:28,260 - phoenix - INFO - successfully created new session
2019-02-07 04:51:28,260 - phoenix - INFO - successfully initialized WhoScored crawler object
2019-02-07 04:51:31,682 - phoenix - INFO - successfully retrieved all leagues
2019-02-07 04:51:35,087 - phoenix - INFO - successfully retrieved all leagues' main pages
2019-02-07 04:55:58,117 - phoenix - INFO - successfully created new session
2019-02-07 04:55:58,117 - phoenix - INFO - successfully initialized WhoScored crawler object
2019-02-07 04:56:00,679 - phoenix - INFO - successfully retrieved all leagues
2019-02-07 04:56:05,631 - phoenix - INFO - successfully retrieved all leagues' main pages
2019-02-07 05:02:49,422 - phoenix - INFO - successfully created new session
2019-02-07 05:02:49,422 - phoenix - INFO - successfully initialized WhoScored crawler object
2019-02-07 05:02:50,890 - phoenix - INFO - successfully retrieved all leagues
2019-02-07 05:02:53,655 - phoenix - INFO - successfully retrieved all leagues' main pages
2019-02-07 05:05:12,019 - phoenix - INFO - successfully created new session
2019-02-07 05:05:12,019 - phoenix - INFO - successfully initialized WhoScored crawler object
2019-02-07 05:05:13,816 - phoenix - INFO - successfully retrieved all leagues
2019-02-07 05:05:22,173 - phoenix - INFO - successfully retrieved all leagues' main pages
2019-02-07 05:07:31,547 - phoenix - INFO - successfully created new session
2019-02-07 05:07:31,547 - phoenix - INFO - successfully initialized WhoScored crawler object
2019-02-07 05:07:32,641 - phoenix - INFO - successfully retrieved all leagues
2019-02-07 05:07:34,765 - phoenix - INFO - successfully retrieved all leagues' main pages
2019-02-07 05:31:49,992 - phoenix - INFO - successfully created new session
2019-02-07 05:31:49,992 - phoenix - INFO - successfully initialized WhoScored crawler object
2019-02-07 05:31:51,797 - phoenix - INFO - successfully retrieved all leagues
2019-02-07 05:31:54,578 - phoenix - INFO - successfully retrieved all leagues' main pages
2019-02-07 05:37:56,202 - phoenix - INFO - successfully created new session
2019-02-07 05:37:56,202 - phoenix - INFO - successfully initialized WhoScored crawler object
2019-02-07 05:37:57,390 - phoenix - INFO - successfully retrieved all leagues
2019-02-07 05:37:59,654 - phoenix - INFO - successfully retrieved all leagues' main pages
2019-02-07 05:43:27,125 - phoenix - INFO - successfully created new session
2019-02-07 05:43:27,125 - phoenix - INFO - successfully initialized WhoScored crawler object
2019-02-07 05:43:28,359 - phoenix - INFO - successfully retrieved all leagues
2019-02-07 05:43:30,405 - phoenix - INFO - successfully retrieved all leagues' main pages
2019-02-07 05:44:26,053 - phoenix - INFO - successfully created new session
2019-02-07 05:44:26,053 - phoenix - INFO - successfully initialized WhoScored crawler object
2019-02-07 05:44:27,335 - phoenix - INFO - successfully retrieved all leagues
2019-02-07 05:44:29,412 - phoenix - INFO - successfully retrieved all leagues' main pages
2019-02-07 05:45:54,787 - phoenix - INFO - successfully created new session
2019-02-07 05:45:54,787 - phoenix - INFO - successfully initialized WhoScored crawler object
2019-02-07 05:45:55,818 - phoenix - INFO - successfully retrieved all leagues
2019-02-07 05:45:57,693 - phoenix - INFO - successfully retrieved all leagues' main pages
2019-02-07 05:49:58,814 - phoenix - INFO - successfully created new session
2019-02-07 05:49:58,814 - phoenix - INFO - successfully initialized WhoScored crawler object
2019-02-07 05:49:59,877 - phoenix - INFO - successfully retrieved all leagues
2019-02-07 05:56:26,567 - phoenix - INFO - successfully created new session
2019-02-07 05:56:26,567 - phoenix - INFO - successfully initialized WhoScored crawler object
2019-02-07 05:56:27,723 - phoenix - INFO - successfully retrieved all leagues
2019-02-07 05:56:29,660 - phoenix - INFO - successfully retrieved all leagues' main pages
2019-02-07 05:57:44,011 - phoenix - INFO - successfully created new session
2019-02-07 05:57:44,011 - phoenix - INFO - successfully initialized WhoScored crawler object
2019-02-07 05:57:45,604 - phoenix - INFO - successfully retrieved all leagues
2019-02-07 05:57:51,459 - phoenix - INFO - successfully retrieved all leagues' main pages
2019-02-08 17:54:52,843 - phoenix - INFO - successfully created new session
2019-02-08 17:54:52,858 - phoenix - INFO - successfully initialized WhoScored crawler object
2019-02-08 17:54:54,139 - phoenix - INFO - successfully retrieved all leagues
2019-02-08 17:54:56,811 - phoenix - INFO - successfully retrieved all leagues' main pages
2019-02-08 18:05:45,839 - phoenix - INFO - successfully created new session
2019-02-08 18:05:45,839 - phoenix - INFO - successfully initialized WhoScored crawler object
2019-02-08 18:05:47,034 - phoenix - INFO - successfully retrieved all leagues
2019-02-08 18:05:48,849 - phoenix - INFO - successfully retrieved all leagues' main pages
2019-02-08 18:07:25,968 - phoenix - INFO - successfully created new session
2019-02-08 18:07:25,969 - phoenix - INFO - successfully initialized WhoScored crawler object
2019-02-08 18:07:27,370 - phoenix - INFO - successfully retrieved all leagues
2019-02-08 18:07:29,368 - phoenix - INFO - successfully retrieved all leagues' main pages
2019-02-08 18:07:47,177 - phoenix - INFO - successfully created new session
2019-02-08 18:07:47,178 - phoenix - INFO - successfully initialized WhoScored crawler object
2019-02-08 18:07:48,403 - phoenix - INFO - successfully retrieved all leagues
2019-02-08 18:07:51,654 - phoenix - INFO - successfully retrieved all leagues' main pages
2019-02-08 18:08:04,544 - phoenix - INFO - successfully created new session
2019-02-08 18:08:04,545 - phoenix - INFO - successfully initialized WhoScored crawler object
2019-02-08 18:08:05,789 - phoenix - INFO - successfully retrieved all leagues
2019-02-08 18:08:07,725 - phoenix - INFO - successfully retrieved all leagues' main pages
2019-02-08 18:08:18,338 - phoenix - INFO - successfully created new session
2019-02-08 18:08:18,339 - phoenix - INFO - successfully initialized WhoScored crawler object
2019-02-08 18:08:20,611 - phoenix - INFO - successfully retrieved all leagues
2019-02-08 18:08:22,426 - phoenix - INFO - successfully retrieved all leagues' main pages
2019-02-08 19:28:36,243 - phoenix - INFO - successfully created new session
2019-02-08 19:28:36,244 - phoenix - INFO - successfully initialized WhoScored crawler object
2019-02-08 19:29:11,894 - phoenix - INFO - successfully retrieved all leagues
2019-02-08 19:29:14,425 - phoenix - INFO - successfully created new session
2019-02-08 19:29:14,425 - phoenix - INFO - successfully initialized WhoScored crawler object
2019-02-08 19:29:18,892 - phoenix - INFO - successfully retrieved all leagues
2019-02-08 19:29:28,382 - phoenix - INFO - successfully retrieved all leagues' main pages
2019-02-08 19:31:32,926 - phoenix - INFO - successfully created new session
2019-02-08 19:31:32,926 - phoenix - INFO - successfully initialized WhoScored crawler object
2019-02-08 19:31:34,394 - phoenix - INFO - successfully retrieved all leagues
2019-02-08 19:31:36,128 - phoenix - INFO - successfully retrieved all leagues' main pages
2019-02-08 19:33:27,653 - phoenix - INFO - successfully created new session
2019-02-08 19:33:27,653 - phoenix - INFO - successfully initialized WhoScored crawler object
2019-02-08 19:33:43,836 - phoenix - INFO - successfully created new session
2019-02-08 19:33:43,836 - phoenix - INFO - successfully initialized WhoScored crawler object
2019-02-08 19:33:51,000 - phoenix - INFO - successfully retrieved all leagues
2019-02-08 19:33:55,718 - phoenix - INFO - successfully retrieved all leagues' main pages
2019-02-08 19:34:35,594 - phoenix - INFO - successfully created new session
2019-02-08 19:34:35,594 - phoenix - INFO - successfully initialized WhoScored crawler object
2019-02-08 19:34:37,297 - phoenix - INFO - successfully retrieved all leagues
2019-02-08 19:34:45,045 - phoenix - INFO - successfully retrieved all leagues' main pages
2019-02-08 19:35:59,539 - phoenix - INFO - successfully created new session
2019-02-08 19:35:59,539 - phoenix - INFO - successfully initialized WhoScored crawler object
2019-02-08 19:36:01,273 - phoenix - INFO - successfully retrieved all leagues
2019-02-08 19:36:13,731 - phoenix - INFO - successfully retrieved all leagues' main pages
2019-02-08 19:39:32,769 - phoenix - INFO - successfully created new session
2019-02-08 19:39:32,769 - phoenix - INFO - successfully initialized WhoScored crawler object
2019-02-08 19:39:34,253 - phoenix - INFO - successfully retrieved all leagues
2019-02-08 19:39:36,409 - phoenix - INFO - successfully retrieved all leagues' main pages
2019-02-08 19:41:58,596 - phoenix - INFO - successfully created new session
2019-02-08 19:41:58,596 - phoenix - INFO - successfully initialized WhoScored crawler object
2019-02-08 19:41:59,971 - phoenix - INFO - successfully retrieved all leagues
2019-02-08 19:42:02,356 - phoenix - INFO - successfully retrieved all leagues' main pages
2019-02-08 19:46:35,918 - phoenix - INFO - successfully created new session
2019-02-08 19:46:35,918 - phoenix - INFO - successfully initialized WhoScored crawler object
2019-02-08 19:46:39,246 - phoenix - INFO - successfully retrieved all leagues
2019-02-08 19:46:45,697 - phoenix - INFO - successfully retrieved all leagues' main pages
2019-02-08 19:52:12,559 - phoenix - INFO - successfully created new session
2019-02-08 19:52:12,575 - phoenix - INFO - successfully initialized WhoScored crawler object
2019-02-08 19:52:13,559 - phoenix - INFO - successfully retrieved all leagues
2019-02-08 19:52:17,074 - phoenix - INFO - successfully retrieved all leagues' main pages
2019-02-08 19:54:34,126 - phoenix - INFO - successfully created new session
2019-02-08 19:54:34,127 - phoenix - INFO - successfully initialized WhoScored crawler object
2019-02-08 19:54:35,114 - phoenix - INFO - successfully retrieved all leagues
2019-02-08 19:54:37,410 - phoenix - INFO - successfully retrieved all leagues' main pages
2019-02-08 19:56:34,050 - phoenix - INFO - successfully created new session
2019-02-08 19:56:34,050 - phoenix - INFO - successfully initialized WhoScored crawler object
2019-02-08 19:56:35,737 - phoenix - INFO - successfully retrieved all leagues
2019-02-08 19:56:37,941 - phoenix - INFO - successfully retrieved all leagues' main pages
2019-02-08 19:57:23,581 - phoenix - INFO - successfully created new session
2019-02-08 19:57:23,581 - phoenix - INFO - successfully initialized WhoScored crawler object
2019-02-08 19:57:24,878 - phoenix - INFO - successfully retrieved all leagues
2019-02-08 19:57:27,176 - phoenix - INFO - successfully retrieved all leagues' main pages
2019-02-08 19:58:38,221 - phoenix - INFO - successfully created new session
2019-02-08 19:58:38,237 - phoenix - INFO - successfully initialized WhoScored crawler object
2019-02-08 19:58:39,175 - phoenix - INFO - successfully retrieved all leagues
2019-02-08 19:59:22,238 - phoenix - INFO - successfully created new session
2019-02-08 19:59:22,238 - phoenix - INFO - successfully initialized WhoScored crawler object
2019-02-08 19:59:23,472 - phoenix - INFO - successfully retrieved all leagues
2019-02-08 19:59:46,768 - phoenix - INFO - successfully created new session
2019-02-08 19:59:46,783 - phoenix - INFO - successfully initialized WhoScored crawler object
2019-02-08 19:59:51,832 - phoenix - INFO - successfully retrieved all leagues
2019-02-08 20:00:30,425 - phoenix - INFO - successfully created new session
2019-02-08 20:00:30,425 - phoenix - INFO - successfully initialized WhoScored crawler object
2019-02-08 20:00:31,549 - phoenix - INFO - successfully retrieved all leagues
2019-02-08 20:00:38,768 - phoenix - INFO - successfully created new session
2019-02-08 20:00:38,768 - phoenix - INFO - successfully initialized WhoScored crawler object
2019-02-08 20:00:40,065 - phoenix - INFO - successfully retrieved all leagues
2019-02-08 20:01:21,299 - phoenix - INFO - successfully created new session
2019-02-08 20:01:21,299 - phoenix - INFO - successfully initialized WhoScored crawler object
2019-02-08 20:01:22,784 - phoenix - INFO - successfully retrieved all leagues
2019-02-08 20:01:28,909 - phoenix - INFO - successfully retrieved all leagues' main pages
2019-02-08 20:03:57,519 - phoenix - INFO - successfully created new session
2019-02-08 20:03:57,519 - phoenix - INFO - successfully initialized WhoScored crawler object
2019-02-08 20:04:00,533 - phoenix - INFO - successfully retrieved all leagues
2019-02-08 20:04:01,628 - phoenix - INFO - successfully retrieved all leagues' main pages
2019-02-08 20:08:08,206 - phoenix - INFO - successfully created new session
2019-02-08 20:08:08,206 - phoenix - INFO - successfully initialized WhoScored crawler object
2019-02-08 20:08:10,159 - phoenix - INFO - successfully retrieved all leagues
2019-02-08 20:08:10,862 - phoenix - INFO - successfully retrieved all leagues' main pages
2019-02-13 03:08:30,561 - phoenix - INFO - successfully created new session
2019-02-13 03:08:30,561 - phoenix - INFO - successfully initialized WhoScored crawler object
2019-02-13 03:08:32,280 - phoenix - INFO - successfully retrieved all leagues
2019-02-13 03:08:34,342 - phoenix - INFO - successfully retrieved all leagues' main pages
2019-02-13 03:08:45,894 - phoenix - INFO - successfully created new session
2019-02-13 03:08:45,894 - phoenix - INFO - successfully initialized WhoScored crawler object
2019-02-13 03:08:47,346 - phoenix - INFO - successfully retrieved all leagues
2019-02-13 03:08:48,049 - phoenix - INFO - successfully retrieved all leagues' main pages
2019-02-13 03:12:49,433 - phoenix - INFO - successfully created new session
2019-02-13 03:12:49,433 - phoenix - INFO - successfully initialized WhoScored crawler object
2019-02-13 03:12:51,073 - phoenix - INFO - successfully retrieved all leagues
2019-02-13 03:13:14,918 - phoenix - INFO - successfully retrieved all leagues' main pages
2019-02-13 03:19:08,326 - phoenix - INFO - successfully created new session
2019-02-13 03:19:08,326 - phoenix - INFO - successfully initialized WhoScored crawler object
2019-02-13 03:19:10,310 - phoenix - INFO - successfully retrieved all leagues
2019-02-13 03:19:12,559 - phoenix - INFO - successfully retrieved all leagues' main pages
2019-02-13 03:31:01,386 - phoenix - INFO - successfully created new session
2019-02-13 03:31:01,386 - phoenix - INFO - successfully initialized WhoScored crawler object
2019-02-13 03:31:02,260 - phoenix - INFO - successfully retrieved all leagues
2019-02-13 03:31:02,464 - phoenix - INFO - successfully retrieved all leagues' main pages
2019-02-13 03:33:23,190 - phoenix - INFO - successfully created new session
2019-02-13 03:33:23,206 - phoenix - INFO - successfully initialized WhoScored crawler object
2019-02-13 03:33:24,643 - phoenix - INFO - successfully retrieved all leagues
2019-02-13 03:33:26,565 - phoenix - INFO - successfully retrieved all leagues' main pages
2019-02-13 03:35:47,455 - phoenix - INFO - successfully created new session
2019-02-13 03:35:47,455 - phoenix - INFO - successfully initialized WhoScored crawler object
2019-02-13 03:35:48,626 - phoenix - INFO - successfully retrieved all leagues
2019-02-13 03:35:49,829 - phoenix - ERROR - failed to retrieve all leagues' main pages
2019-02-13 03:35:49,829 - phoenix - ERROR - b'https://www.whoscored.com/Regions/108/Tournaments/5/Italy-Serie-A' is not in list
2019-02-13 03:36:19,501 - phoenix - INFO - successfully created new session
2019-02-13 03:36:19,501 - phoenix - INFO - successfully initialized WhoScored crawler object
2019-02-13 03:36:20,720 - phoenix - INFO - successfully retrieved all leagues
2019-02-13 03:36:21,454 - phoenix - INFO - successfully retrieved all leagues' main pages
2019-02-13 03:49:13,000 - phoenix - INFO - successfully created new session
2019-02-13 03:49:13,000 - phoenix - INFO - successfully initialized WhoScored crawler object
2019-02-13 03:49:13,891 - phoenix - INFO - successfully retrieved all leagues
2019-02-13 03:49:15,017 - phoenix - INFO - successfully retrieved all leagues' main pages
2019-02-13 03:49:32,033 - phoenix - INFO - successfully created new session
2019-02-13 03:49:32,033 - phoenix - INFO - successfully initialized WhoScored crawler object
2019-02-13 03:49:33,436 - phoenix - INFO - successfully retrieved all leagues
2019-02-13 03:49:33,757 - phoenix - INFO - successfully retrieved all leagues' main pages
2019-02-13 03:53:12,737 - phoenix - INFO - successfully created new session
2019-02-13 03:53:12,737 - phoenix - INFO - successfully initialized WhoScored crawler object
2019-02-13 03:53:14,268 - phoenix - INFO - successfully retrieved all leagues
2019-02-13 03:53:15,439 - phoenix - INFO - successfully retrieved all leagues' main pages
2019-02-13 03:54:33,360 - phoenix - INFO - successfully created new session
2019-02-13 03:54:33,360 - phoenix - INFO - successfully initialized WhoScored crawler object
2019-02-13 03:54:34,219 - phoenix - INFO - successfully retrieved all leagues
2019-02-13 03:54:35,437 - phoenix - INFO - successfully retrieved all leagues' main pages
2019-02-13 03:55:03,372 - phoenix - INFO - successfully created new session
2019-02-13 03:55:03,372 - phoenix - INFO - successfully initialized WhoScored crawler object
2019-02-13 03:55:04,340 - phoenix - INFO - successfully retrieved all leagues
2019-02-13 03:55:04,559 - phoenix - INFO - successfully retrieved all leagues' main pages
2019-02-13 03:56:48,935 - phoenix - INFO - successfully created new session
2019-02-13 03:56:48,935 - phoenix - INFO - successfully initialized WhoScored crawler object
2019-02-13 03:56:49,872 - phoenix - INFO - successfully retrieved all leagues
2019-02-13 03:56:51,825 - phoenix - INFO - successfully retrieved all leagues' main pages
2019-02-13 04:00:24,616 - phoenix - INFO - successfully created new session
2019-02-13 04:00:24,632 - phoenix - INFO - successfully initialized WhoScored crawler object
2019-02-13 04:00:25,803 - phoenix - INFO - successfully retrieved all leagues
2019-02-13 04:00:27,240 - phoenix - INFO - successfully retrieved all leagues' main pages
2019-02-13 04:00:54,574 - phoenix - INFO - successfully created new session
2019-02-13 04:00:54,574 - phoenix - INFO - successfully initialized WhoScored crawler object
2019-02-13 04:00:55,542 - phoenix - INFO - successfully retrieved all leagues
2019-02-13 04:00:56,120 - phoenix - INFO - successfully retrieved all leagues' main pages
2019-02-13 04:01:29,088 - phoenix - INFO - successfully created new session
2019-02-13 04:01:29,088 - phoenix - INFO - successfully initialized WhoScored crawler object
2019-02-13 04:01:30,041 - phoenix - INFO - successfully retrieved all leagues
2019-02-13 04:01:31,556 - phoenix - INFO - successfully retrieved all leagues' main pages
2019-02-13 04:02:20,503 - phoenix - INFO - successfully created new session
2019-02-13 04:02:20,503 - phoenix - INFO - successfully initialized WhoScored crawler object
2019-02-13 04:02:23,221 - phoenix - INFO - successfully retrieved all leagues
2019-02-13 04:02:24,174 - phoenix - INFO - successfully retrieved all leagues' main pages
2019-02-13 04:04:42,830 - phoenix - INFO - successfully created new session
2019-02-13 04:04:42,830 - phoenix - INFO - successfully initialized WhoScored crawler object
2019-02-13 04:04:43,846 - phoenix - INFO - successfully retrieved all leagues
2019-02-13 04:04:44,971 - phoenix - INFO - successfully retrieved all leagues' main pages
2019-02-13 04:05:25,423 - phoenix - INFO - successfully created new session
2019-02-13 04:05:25,423 - phoenix - INFO - successfully initialized WhoScored crawler object
2019-02-13 04:05:26,532 - phoenix - INFO - successfully retrieved all leagues
2019-02-13 04:05:26,813 - phoenix - INFO - successfully retrieved all leagues' main pages
2019-02-13 04:25:56,486 - phoenix - INFO - successfully created new session
2019-02-13 04:25:56,486 - phoenix - INFO - successfully initialized WhoScored crawler object
2019-02-13 04:25:58,133 - phoenix - INFO - successfully retrieved all leagues
2019-02-13 04:25:58,867 - phoenix - INFO - successfully retrieved all leagues' main pages
2019-02-13 04:33:51,854 - phoenix - INFO - successfully created new session
2019-02-13 04:33:51,855 - phoenix - INFO - successfully initialized WhoScored crawler object
2019-02-13 04:33:58,281 - phoenix - INFO - successfully retrieved all leagues
2019-02-13 04:33:59,031 - phoenix - INFO - successfully retrieved all leagues' main pages
2019-02-13 04:35:01,185 - phoenix - INFO - successfully created new session
2019-02-13 04:35:01,185 - phoenix - INFO - successfully initialized WhoScored crawler object
2019-02-13 04:35:02,467 - phoenix - INFO - successfully retrieved all leagues
2019-02-13 04:35:04,247 - phoenix - INFO - successfully retrieved all leagues' main pages
2019-02-13 04:35:26,512 - phoenix - INFO - successfully created new session
2019-02-13 04:35:26,512 - phoenix - INFO - successfully initialized WhoScored crawler object
2019-02-13 04:35:30,527 - phoenix - INFO - successfully retrieved all leagues
2019-02-13 04:35:33,577 - phoenix - INFO - successfully retrieved all leagues' main pages
2019-02-13 04:37:05,332 - phoenix - INFO - successfully created new session
2019-02-13 04:37:05,332 - phoenix - INFO - successfully initialized WhoScored crawler object
2019-02-13 04:37:06,457 - phoenix - INFO - successfully retrieved all leagues
2019-02-13 04:37:07,628 - phoenix - INFO - successfully retrieved all leagues' main pages
2019-02-13 04:38:57,330 - phoenix - INFO - successfully created new session
2019-02-13 04:38:57,330 - phoenix - INFO - successfully initialized WhoScored crawler object
2019-02-13 04:38:58,157 - phoenix - INFO - successfully retrieved all leagues
2019-02-13 04:38:59,235 - phoenix - INFO - successfully retrieved all leagues' main pages
2019-02-13 05:02:03,260 - phoenix - INFO - successfully created new session
2019-02-13 05:02:03,260 - phoenix - INFO - successfully initialized WhoScored crawler object
2019-02-13 05:02:04,978 - phoenix - INFO - successfully retrieved all leagues
2019-02-13 05:02:05,165 - phoenix - INFO - successfully retrieved all leagues' main pages
2019-02-13 05:02:06,478 - phoenix - INFO - succesfully retrieved all teams' ids and urls for league Serie A
2019-02-13 05:08:45,533 - phoenix - INFO - successfully created new session
2019-02-13 05:08:45,533 - phoenix - INFO - successfully initialized WhoScored crawler object
2019-02-13 05:08:56,766 - phoenix - INFO - successfully retrieved all leagues
2019-02-13 05:08:57,015 - phoenix - INFO - successfully retrieved all leagues' main pages
2019-02-13 05:08:57,656 - phoenix - INFO - succesfully retrieved all teams' ids and urls for league Serie A
2019-02-13 05:25:23,880 - phoenix - INFO - successfully created new session
2019-02-13 05:25:23,880 - phoenix - INFO - successfully initialized WhoScored crawler object
2019-02-13 05:25:24,927 - phoenix - INFO - successfully retrieved all leagues
2019-02-13 05:25:26,645 - phoenix - INFO - successfully retrieved all leagues' main pages
2019-02-13 05:25:27,769 - phoenix - INFO - succesfully retrieved all teams' ids and urls for league Serie A
2019-02-13 05:25:28,879 - phoenix - INFO - succesfully retrieved all players' ids and urls for team Juventus
2019-02-13 05:28:02,531 - phoenix - INFO - successfully created new session
2019-02-13 05:28:02,531 - phoenix - INFO - successfully initialized WhoScored crawler object
2019-02-13 05:28:03,733 - phoenix - INFO - successfully retrieved all leagues
2019-02-13 05:28:04,608 - phoenix - INFO - successfully retrieved all leagues' main pages
2019-02-13 05:28:05,529 - phoenix - INFO - succesfully retrieved all teams' ids and urls for league Serie A
2019-02-13 05:28:06,217 - phoenix - INFO - succesfully retrieved all players' ids and urls for team Juventus
2019-02-13 05:28:06,842 - phoenix - INFO - succesfully retrieved all players' ids and urls for team Napoli
2019-02-13 05:28:07,795 - phoenix - INFO - succesfully retrieved all players' ids and urls for team Atalanta
2019-02-13 05:28:23,874 - phoenix - INFO - successfully created new session
2019-02-13 05:28:23,874 - phoenix - INFO - successfully initialized WhoScored crawler object
2019-02-13 05:28:24,655 - phoenix - INFO - successfully retrieved all leagues
2019-02-13 05:28:25,905 - phoenix - INFO - successfully retrieved all leagues' main pages
2019-02-13 05:28:26,499 - phoenix - INFO - succesfully retrieved all teams' ids and urls for league Serie A
2019-02-13 05:28:26,952 - phoenix - INFO - succesfully retrieved all players' ids and urls for team Juventus
2019-02-13 05:28:27,343 - phoenix - INFO - succesfully retrieved all players' ids and urls for team Napoli
2019-02-13 05:28:27,858 - phoenix - INFO - succesfully retrieved all players' ids and urls for team Atalanta
2019-02-13 05:29:06,345 - phoenix - INFO - successfully created new session
2019-02-13 05:29:06,345 - phoenix - INFO - successfully initialized WhoScored crawler object
2019-02-13 05:29:08,173 - phoenix - INFO - successfully retrieved all leagues
2019-02-13 05:29:08,501 - phoenix - INFO - successfully retrieved all leagues' main pages
2019-02-13 05:29:09,141 - phoenix - INFO - succesfully retrieved all teams' ids and urls for league Serie A
2019-02-13 05:29:09,516 - phoenix - INFO - succesfully retrieved all players' ids and urls for team Juventus
2019-02-13 05:29:09,812 - phoenix - INFO - succesfully retrieved all players' ids and urls for team Napoli
2019-02-13 05:29:10,141 - phoenix - INFO - succesfully retrieved all players' ids and urls for team Atalanta
2019-02-13 05:30:16,559 - phoenix - INFO - successfully created new session
2019-02-13 05:30:16,559 - phoenix - INFO - successfully initialized WhoScored crawler object
2019-02-13 05:30:17,543 - phoenix - INFO - successfully retrieved all leagues
2019-02-13 05:30:19,277 - phoenix - INFO - successfully retrieved all leagues' main pages
2019-02-13 05:30:19,887 - phoenix - INFO - succesfully retrieved all teams' ids and urls for league Serie A
2019-02-13 05:30:22,542 - phoenix - INFO - succesfully retrieved all players' ids and urls for team Juventus
2019-02-13 05:30:25,182 - phoenix - INFO - succesfully retrieved all players' ids and urls for team Napoli
2019-02-13 05:30:27,635 - phoenix - INFO - succesfully retrieved all players' ids and urls for team Atalanta
2019-02-13 05:32:05,461 - phoenix - INFO - successfully created new session
2019-02-13 05:32:05,461 - phoenix - INFO - successfully initialized WhoScored crawler object
2019-02-13 05:32:06,586 - phoenix - INFO - successfully retrieved all leagues
2019-02-13 05:32:08,101 - phoenix - INFO - successfully retrieved all leagues' main pages
2019-02-13 05:32:08,835 - phoenix - INFO - succesfully retrieved all teams' ids and urls for league Serie A
2019-02-13 05:32:12,663 - phoenix - INFO - succesfully retrieved all players' ids and urls for team Juventus
2019-02-13 05:32:16,184 - phoenix - INFO - succesfully retrieved all players' ids and urls for team Napoli
2019-02-13 05:32:19,621 - phoenix - INFO - succesfully retrieved all players' ids and urls for team Atalanta
2019-02-13 05:33:09,870 - phoenix - INFO - successfully created new session
2019-02-13 05:33:09,870 - phoenix - INFO - successfully initialized WhoScored crawler object
2019-02-13 05:33:12,682 - phoenix - INFO - successfully retrieved all leagues
2019-02-13 05:33:15,527 - phoenix - INFO - successfully retrieved all leagues' main pages
2019-02-13 05:33:19,277 - phoenix - INFO - succesfully retrieved all teams' ids and urls for league Serie A
2019-02-13 05:33:29,352 - phoenix - INFO - succesfully retrieved all players' ids and urls for team Inter
2019-02-13 05:33:36,522 - phoenix - INFO - succesfully retrieved all players' ids and urls for team Lazio
2019-02-13 05:33:43,037 - phoenix - INFO - succesfully retrieved all players' ids and urls for team Torino
2019-02-13 05:34:46,871 - phoenix - INFO - successfully created new session
2019-02-13 05:34:46,871 - phoenix - INFO - successfully initialized WhoScored crawler object
2019-02-13 05:35:16,758 - phoenix - INFO - successfully created new session
2019-02-13 05:35:16,758 - phoenix - INFO - successfully initialized WhoScored crawler object
2019-02-13 05:35:20,804 - phoenix - INFO - successfully retrieved all leagues
2019-02-13 05:35:22,647 - phoenix - INFO - successfully retrieved all leagues' main pages
2019-02-13 05:35:24,491 - phoenix - INFO - succesfully retrieved all teams' ids and urls for league Serie A
2019-02-13 05:35:30,809 - phoenix - INFO - succesfully retrieved all players' ids and urls for team Inter
2019-02-13 05:35:38,900 - phoenix - INFO - succesfully retrieved all players' ids and urls for team Lazio
2019-02-13 05:35:44,511 - phoenix - INFO - succesfully retrieved all players' ids and urls for team Torino
2019-02-13 05:36:25,369 - phoenix - INFO - successfully created new session
2019-02-13 05:36:25,369 - phoenix - INFO - successfully initialized WhoScored crawler object
2019-02-13 05:36:26,556 - phoenix - INFO - successfully retrieved all leagues
2019-02-13 05:36:28,165 - phoenix - INFO - successfully retrieved all leagues' main pages
2019-02-13 05:36:28,884 - phoenix - INFO - succesfully retrieved all teams' ids and urls for league Serie A
2019-02-13 05:36:29,454 - phoenix - INFO - succesfully retrieved all players' ids and urls for team Inter
2019-02-13 05:36:30,002 - phoenix - INFO - succesfully retrieved all players' ids and urls for team Lazio
2019-02-13 05:36:30,501 - phoenix - INFO - succesfully retrieved all players' ids and urls for team Torino
2019-02-13 05:37:28,539 - phoenix - INFO - successfully created new session
2019-02-13 05:37:28,539 - phoenix - INFO - successfully initialized WhoScored crawler object
2019-02-13 05:37:51,291 - phoenix - INFO - successfully created new session
2019-02-13 05:37:51,291 - phoenix - INFO - successfully initialized WhoScored crawler object
2019-02-13 05:37:52,728 - phoenix - INFO - successfully retrieved all leagues
2019-02-13 05:37:54,009 - phoenix - INFO - successfully retrieved all leagues' main pages
2019-02-13 05:37:54,775 - phoenix - INFO - succesfully retrieved all teams' ids and urls for league Serie A
2019-02-13 05:37:55,446 - phoenix - INFO - succesfully retrieved all players' ids and urls for team Inter
2019-02-13 05:37:55,993 - phoenix - INFO - succesfully retrieved all players' ids and urls for team Lazio
2019-02-13 05:37:56,758 - phoenix - INFO - succesfully retrieved all players' ids and urls for team Torino
2019-02-13 05:41:53,788 - phoenix - INFO - successfully created new session
2019-02-13 05:41:53,788 - phoenix - INFO - successfully initialized WhoScored crawler object
2019-02-13 05:41:55,068 - phoenix - INFO - successfully retrieved all leagues
2019-02-13 05:41:56,803 - phoenix - INFO - successfully retrieved all leagues' main pages
2019-02-13 05:41:57,752 - phoenix - INFO - succesfully retrieved all teams' ids and urls for league Serie A
2019-02-13 05:41:58,159 - phoenix - INFO - succesfully retrieved all players' ids and urls for team Inter
2019-02-13 05:41:58,862 - phoenix - INFO - succesfully retrieved all players' ids and urls for team Lazio
2019-02-13 05:41:59,377 - phoenix - INFO - succesfully retrieved all players' ids and urls for team Torino
